<?xml version="1.0" encoding="UTF-8"?>
<!-- Generated by org.testng.reporters.JUnitXMLReporter -->
<testsuite ignored="0" hostname="DESKTOP-RR2CFCS" failures="1" tests="1" name="Test(failed)" time="0.069" errors="0" timestamp="2021-11-08T09:30:03 IST">
  <testcase classname="testng.FailClass" name="d" time="0.011">
    <failure type="java.lang.ArithmeticException" message="/ by zero">
      <![CDATA[java.lang.ArithmeticException: / by zero
at testng.FailClass.d(FailClass.java:11)
at java.base/java.util.ArrayList.forEach(ArrayList.java:1541)
... Removed 27 stack frames]]>
    </failure>
  </testcase> <!-- d -->
</testsuite> <!-- Test(failed) -->
