<?xml version="1.0" encoding="UTF-8"?>
<testng-results ignored="0" total="2" passed="2" failed="0" skipped="0">
  <reporter-output>
    <line>
      <![CDATA[vaibhav]]>
    </line>
    <line>
      <![CDATA[vaibhav]]>
    </line>
  </reporter-output>
  <suite started-at="2021-11-16T09:31:50 IST" name="Suite" finished-at="2021-11-16T09:31:50 IST" duration-ms="73">
    <groups>
    </groups>
    <test started-at="2021-11-16T09:31:50 IST" name="Test" finished-at="2021-11-16T09:31:50 IST" duration-ms="73">
      <class name="parallelExecutions.parallelexecutionformethods">
        <test-method signature="a()[pri:0, instance:parallelExecutions.parallelexecutionformethods@346d61be]" started-at="2021-11-16T09:31:50 IST" name="a" finished-at="2021-11-16T09:31:50 IST" duration-ms="10" status="PASS">
          <reporter-output>
            <line>
              <![CDATA[vaibhav]]>
            </line>
          </reporter-output>
        </test-method> <!-- a -->
        <test-method signature="b()[pri:0, instance:parallelExecutions.parallelexecutionformethods@346d61be]" started-at="2021-11-16T09:31:50 IST" name="b" finished-at="2021-11-16T09:31:50 IST" duration-ms="1" status="PASS">
          <reporter-output>
            <line>
              <![CDATA[vaibhav]]>
            </line>
          </reporter-output>
        </test-method> <!-- b -->
      </class> <!-- parallelExecutions.parallelexecutionformethods -->
    </test> <!-- Test -->
  </suite> <!-- Suite -->
</testng-results>
